<?xml version="1.0" encoding="UTF-8"?>
<!-- Generated by org.testng.reporters.JUnitReportReporter -->
<testsuite hostname="DESKTOP-TLU6D0U" failures="0" tests="1" name="api.test.weatherTests2" time="7.023" errors="0" timestamp="2 May 2024 10:42:32 GMT">
  <testcase classname="api.test.weatherTests2" name="currentWeatherSpecificCity" time="7.023"/>
</testsuite> <!-- api.test.weatherTests2 -->
