<?xml version="1.0" encoding="UTF-8"?>
<!-- Generated by org.testng.reporters.JUnitReportReporter -->
<testsuite hostname="DESKTOP-TLU6D0U" failures="0" tests="3" name="api.test.weatherTests" time="9.947" errors="0" timestamp="2 May 2024 09:59:07 GMT">
  <testcase classname="api.test.weatherTests" name="invalidAPIkeyResponse" time="0.115"/>
  <testcase classname="api.test.weatherTests" name="fiveDayForecast" time="2.973"/>
  <testcase classname="api.test.weatherTests" name="currentWeatherAPI" time="6.859"/>
</testsuite> <!-- api.test.weatherTests -->
